Release 14.7 - xst P.20131013 (nt)
Copyright (c) 1995-2013 Xilinx, Inc.  All rights reserved.
--> Parameter TMPDIR set to xst/projnav.tmp


Total REAL time to Xst completion: 1.00 secs
Total CPU time to Xst completion: 0.20 secs
 
--> Parameter xsthdpdir set to xst


Total REAL time to Xst completion: 1.00 secs
Total CPU time to Xst completion: 0.20 secs
 
--> Reading design: VideoDrv.prj

TABLE OF CONTENTS
  1) Synthesis Options Summary
  2) HDL Compilation
  3) Design Hierarchy Analysis
  4) HDL Analysis
  5) HDL Synthesis
     5.1) HDL Synthesis Report
  6) Advanced HDL Synthesis
     6.1) Advanced HDL Synthesis Report
  7) Low Level Synthesis
  8) Partition Report
  9) Final Report
	9.1) Device utilization summary
	9.2) Partition Resource Summary
	9.3) TIMING REPORT


=========================================================================
*                      Synthesis Options Summary                        *
=========================================================================
---- Source Parameters
Input File Name                    : "VideoDrv.prj"
Input Format                       : mixed
Ignore Synthesis Constraint File   : NO

---- Target Parameters
Output File Name                   : "VideoDrv"
Output Format                      : NGC
Target Device                      : xc3s500e-4-fg320

---- Source Options
Top Module Name                    : VideoDrv
Automatic FSM Extraction           : YES
FSM Encoding Algorithm             : Auto
Safe Implementation                : No
FSM Style                          : LUT
RAM Extraction                     : Yes
RAM Style                          : Auto
ROM Extraction                     : Yes
Mux Style                          : Auto
Decoder Extraction                 : YES
Priority Encoder Extraction        : Yes
Shift Register Extraction          : YES
Logical Shifter Extraction         : YES
XOR Collapsing                     : YES
ROM Style                          : Auto
Mux Extraction                     : Yes
Resource Sharing                   : YES
Asynchronous To Synchronous        : NO
Multiplier Style                   : Auto
Automatic Register Balancing       : No

---- Target Options
Add IO Buffers                     : YES
Global Maximum Fanout              : 500
Add Generic Clock Buffer(BUFG)     : 24
Register Duplication               : YES
Slice Packing                      : YES
Optimize Instantiated Primitives   : NO
Use Clock Enable                   : Yes
Use Synchronous Set                : Yes
Use Synchronous Reset              : Yes
Pack IO Registers into IOBs        : Auto
Equivalent register Removal        : YES

---- General Options
Optimization Goal                  : Speed
Optimization Effort                : 1
Keep Hierarchy                     : No
Netlist Hierarchy                  : As_Optimized
RTL Output                         : Yes
Global Optimization                : AllClockNets
Read Cores                         : YES
Write Timing Constraints           : NO
Cross Clock Analysis               : NO
Hierarchy Separator                : /
Bus Delimiter                      : <>
Case Specifier                     : Maintain
Slice Utilization Ratio            : 100
BRAM Utilization Ratio             : 100
Verilog 2001                       : YES
Auto BRAM Packing                  : NO
Slice Utilization Ratio Delta      : 5

=========================================================================


=========================================================================
*                          HDL Compilation                              *
=========================================================================
Compiling vhdl file "F:/Project UKLADY/ISE/SudokuProjekt/VideoDrv.vhd" in Library work.
Entity <VideoDrv> compiled.
Entity <VideoDrv> (Architecture <Behavioral>) compiled.

=========================================================================
*                     Design Hierarchy Analysis                         *
=========================================================================
Analyzing hierarchy for entity <VideoDrv> in library <work> (architecture <Behavioral>).


=========================================================================
*                            HDL Analysis                               *
=========================================================================
Analyzing Entity <VideoDrv> in library <work> (Architecture <Behavioral>).
Entity <VideoDrv> analyzed. Unit <VideoDrv> generated.


=========================================================================
*                           HDL Synthesis                               *
=========================================================================

Performing bidirectional port resolution...

Synthesizing Unit <VideoDrv>.
    Related source file is "F:/Project UKLADY/ISE/SudokuProjekt/VideoDrv.vhd".
    Found 10-bit comparator less for signal <bout$cmp_lt0000> created at line 84.
    Found 10-bit comparator less for signal <bout$cmp_lt0001> created at line 84.
    Found 1-bit register for signal <clk_2>.
    Found 10-bit comparator greatequal for signal <hs$cmp_ge0000> created at line 79.
    Found 10-bit comparator less for signal <hs$cmp_lt0000> created at line 79.
    Found 10-bit comparator greatequal for signal <vs$cmp_ge0000> created at line 80.
    Found 10-bit comparator less for signal <vs$cmp_lt0000> created at line 80.
    Found 10-bit subtractor for signal <x$addsub0000> created at line 98.
    Found 10-bit comparator greatequal for signal <x$cmp_ge0000> created at line 97.
    Found 10-bit up counter for signal <xcounter>.
    Found 9-bit subtractor for signal <y$addsub0000> created at line 107.
    Found 10-bit comparator greatequal for signal <y$cmp_ge0000> created at line 106.
    Found 10-bit up counter for signal <ycounter>.
    Summary:
	inferred   2 Counter(s).
	inferred   1 D-type flip-flop(s).
	inferred   2 Adder/Subtractor(s).
	inferred   8 Comparator(s).
Unit <VideoDrv> synthesized.


=========================================================================
HDL Synthesis Report

Macro Statistics
# Adders/Subtractors                                   : 2
 10-bit subtractor                                     : 1
 9-bit subtractor                                      : 1
# Counters                                             : 2
 10-bit up counter                                     : 2
# Registers                                            : 1
 1-bit register                                        : 1
# Comparators                                          : 8
 10-bit comparator greatequal                          : 4
 10-bit comparator less                                : 4

=========================================================================

=========================================================================
*                       Advanced HDL Synthesis                          *
=========================================================================


=========================================================================
Advanced HDL Synthesis Report

Macro Statistics
# Adders/Subtractors                                   : 2
 10-bit subtractor                                     : 1
 9-bit subtractor                                      : 1
# Counters                                             : 2
 10-bit up counter                                     : 2
# Registers                                            : 1
 Flip-Flops                                            : 1
# Comparators                                          : 8
 10-bit comparator greatequal                          : 4
 10-bit comparator less                                : 4

=========================================================================

=========================================================================
*                         Low Level Synthesis                           *
=========================================================================

Optimizing unit <VideoDrv> ...

Mapping all equations...
Building and optimizing final netlist ...
Found area constraint ratio of 100 (+ 5) on block VideoDrv, actual ratio is 0.

Final Macro Processing ...

=========================================================================
Final Register Report

Macro Statistics
# Registers                                            : 21
 Flip-Flops                                            : 21

=========================================================================

=========================================================================
*                           Partition Report                            *
=========================================================================

Partition Implementation Status
-------------------------------

  No Partitions were found in this design.

-------------------------------

=========================================================================
*                            Final Report                               *
=========================================================================
Final Results
RTL Top Level Output File Name     : VideoDrv.ngr
Top Level Output File Name         : VideoDrv
Output Format                      : NGC
Optimization Goal                  : Speed
Keep Hierarchy                     : No

Design Statistics
# IOs                              : 28

Cell Usage :
# BELS                             : 129
#      GND                         : 1
#      INV                         : 8
#      LUT1                        : 21
#      LUT2                        : 9
#      LUT3                        : 9
#      LUT4                        : 21
#      LUT4_D                      : 1
#      LUT4_L                      : 1
#      MUXCY                       : 26
#      MUXF5                       : 2
#      VCC                         : 1
#      XORCY                       : 29
# FlipFlops/Latches                : 21
#      FDR                         : 11
#      FDRE                        : 10
# Clock Buffers                    : 2
#      BUFG                        : 1
#      BUFGP                       : 1
# IO Buffers                       : 27
#      IBUF                        : 3
#      OBUF                        : 24
=========================================================================

Device utilization summary:
---------------------------

Selected Device : 3s500efg320-4 

 Number of Slices:                       39  out of   4656     0%  
 Number of Slice Flip Flops:             21  out of   9312     0%  
 Number of 4 input LUTs:                 70  out of   9312     0%  
 Number of IOs:                          28
 Number of bonded IOBs:                  28  out of    232    12%  
 Number of GCLKs:                         2  out of     24     8%  

---------------------------
Partition Resource Summary:
---------------------------

  No Partitions were found in this design.

---------------------------


=========================================================================
TIMING REPORT

NOTE: THESE TIMING NUMBERS ARE ONLY A SYNTHESIS ESTIMATE.
      FOR ACCURATE TIMING INFORMATION PLEASE REFER TO THE TRACE REPORT
      GENERATED AFTER PLACE-and-ROUTE.

Clock Information:
------------------
-----------------------------------+------------------------+-------+
Clock Signal                       | Clock buffer(FF name)  | Load  |
-----------------------------------+------------------------+-------+
clk                                | BUFGP                  | 1     |
clk_21                             | BUFG                   | 20    |
-----------------------------------+------------------------+-------+

Asynchronous Control Signals Information:
----------------------------------------
No asynchronous control signals found in this design

Timing Summary:
---------------
Speed Grade: -4

   Minimum period: 6.028ns (Maximum Frequency: 165.893MHz)
   Minimum input arrival time before clock: No path found
   Maximum output required time after clock: 10.790ns
   Maximum combinational path delay: 6.209ns

Timing Detail:
--------------
All values displayed in nanoseconds (ns)

=========================================================================
Timing constraint: Default period analysis for Clock 'clk'
  Clock period: 1.949ns (frequency: 513.084MHz)
  Total number of paths / destination ports: 1 / 1
-------------------------------------------------------------------------
Delay:               1.949ns (Levels of Logic = 0)
  Source:            clk_2 (FF)
  Destination:       clk_2 (FF)
  Source Clock:      clk rising
  Destination Clock: clk rising

  Data Path: clk_2 to clk_2
                                Gate     Net
    Cell:in->out      fanout   Delay   Delay  Logical Name (Net Name)
    ----------------------------------------  ------------
     FDR:C->Q              2   0.591   0.447  clk_2 (clk_21)
     FDR:R                     0.911          clk_2
    ----------------------------------------
    Total                      1.949ns (1.502ns logic, 0.447ns route)
                                       (77.1% logic, 22.9% route)

=========================================================================
Timing constraint: Default period analysis for Clock 'clk_21'
  Clock period: 6.028ns (frequency: 165.893MHz)
  Total number of paths / destination ports: 510 / 50
-------------------------------------------------------------------------
Delay:               6.028ns (Levels of Logic = 3)
  Source:            xcounter_7 (FF)
  Destination:       ycounter_0 (FF)
  Source Clock:      clk_21 rising
  Destination Clock: clk_21 rising

  Data Path: xcounter_7 to ycounter_0
                                Gate     Net
    Cell:in->out      fanout   Delay   Delay  Logical Name (Net Name)
    ----------------------------------------  ------------
     FDR:C->Q             14   0.591   1.004  xcounter_7 (xcounter_7)
     LUT4_D:I3->O          1   0.704   0.424  ycounter_and0000112 (ycounter_and0000112)
     LUT4_L:I3->LO         1   0.704   0.104  ycounter_and0000122 (ycounter_cmp_eq0000)
     LUT4:I3->O           10   0.704   0.882  ycounter_and0000 (ycounter_and0000)
     FDRE:R                    0.911          ycounter_0
    ----------------------------------------
    Total                      6.028ns (3.614ns logic, 2.414ns route)
                                       (60.0% logic, 40.0% route)

=========================================================================
Timing constraint: Default OFFSET OUT AFTER for Clock 'clk_21'
  Total number of paths / destination ports: 250 / 24
-------------------------------------------------------------------------
Offset:              10.790ns (Levels of Logic = 6)
  Source:            ycounter_0 (FF)
  Destination:       bout (PAD)
  Source Clock:      clk_21 rising

  Data Path: ycounter_0 to bout
                                Gate     Net
    Cell:in->out      fanout   Delay   Delay  Logical Name (Net Name)
    ----------------------------------------  ------------
     FDRE:C->Q             3   0.591   0.706  ycounter_0 (ycounter_0)
     LUT3:I0->O            3   0.704   0.610  y<0>114 (N12)
     LUT3:I1->O            1   0.704   0.424  bout_or00002_SW0 (N16)
     LUT4:I3->O            5   0.704   0.637  bout_or00002 (N4)
     LUT4:I3->O            3   0.704   0.610  bout_or00001 (bout_or0000)
     LUT2:I1->O            1   0.704   0.420  rout1 (rout_OBUF)
     OBUF:I->O                 3.272          rout_OBUF (rout)
    ----------------------------------------
    Total                     10.790ns (7.383ns logic, 3.407ns route)
                                       (68.4% logic, 31.6% route)

=========================================================================
Timing constraint: Default path analysis
  Total number of paths / destination ports: 3 / 3
-------------------------------------------------------------------------
Delay:               6.209ns (Levels of Logic = 3)
  Source:            rgb<0> (PAD)
  Destination:       bout (PAD)

  Data Path: rgb<0> to bout
                                Gate     Net
    Cell:in->out      fanout   Delay   Delay  Logical Name (Net Name)
    ----------------------------------------  ------------
     IBUF:I->O             1   1.218   0.595  rgb_0_IBUF (rgb_0_IBUF)
     LUT2:I0->O            1   0.704   0.420  bout1 (bout_OBUF)
     OBUF:I->O                 3.272          bout_OBUF (bout)
    ----------------------------------------
    Total                      6.209ns (5.194ns logic, 1.015ns route)
                                       (83.7% logic, 16.3% route)

=========================================================================


Total REAL time to Xst completion: 5.00 secs
Total CPU time to Xst completion: 4.99 secs
 
--> 

Total memory usage is 198868 kilobytes

Number of errors   :    0 (   0 filtered)
Number of warnings :    0 (   0 filtered)
Number of infos    :    0 (   0 filtered)

